Using pre-set license
Built from '2021.1/staging' branch; Version is '2021.1.24f1 (6667702a1e7c) revision 6711152'; Using compiler version '192528614'; Build Type 'Release'
OS: 'Windows 10 Home; OS build 19043.1237; Version 2009; 64bit' Language: 'en' Physical Memory: 16294 MB
BatchMode: 1, IsHumanControllingUs: 0, StartBugReporterOnCrash: 0, Is64bit: 1, IsPro: 0

COMMAND LINE ARGUMENTS:
C:\Program Files\Unity\Hub\Editor\2021.1.24f1\Editor\Unity.exe
-adb2
-batchMode
-noUpm
-name
AssetImportWorker0
-projectPath
D:/Unity/Apecatraz
-logFile
Logs/AssetImportWorker0.log
-srvPort
53766
Successfully changed project path to: D:/Unity/Apecatraz
D:/Unity/Apecatraz
Using Asset Import Pipeline V2.
Refreshing native plugins compatible for Editor in 66.40 ms, found 3 plugins.
Preloading 0 native plugins for Editor in 0.00 ms.
Initialize engine version: 2021.1.24f1 (6667702a1e7c)
[Subsystems] Discovering subsystems at path C:/Program Files/Unity/Hub/Editor/2021.1.24f1/Editor/Data/Resources/UnitySubsystems
[Subsystems] Discovering subsystems at path D:/Unity/Apecatraz/Assets
GfxDevice: creating device client; threaded=0; jobified=0
Direct3D:
    Version:  Direct3D 11.0 [level 11.1]
    Renderer: NVIDIA GeForce GTX 1080 (ID=0x1b80)
    Vendor:   NVIDIA
    VRAM:     8079 MB
    Driver:   30.0.14.7212
Initialize mono
Mono path[0] = 'C:/Program Files/Unity/Hub/Editor/2021.1.24f1/Editor/Data/Managed'
Mono path[1] = 'C:/Program Files/Unity/Hub/Editor/2021.1.24f1/Editor/Data/MonoBleedingEdge/lib/mono/unityjit'
Mono config path = 'C:/Program Files/Unity/Hub/Editor/2021.1.24f1/Editor/Data/MonoBleedingEdge/etc'
Using monoOptions --debugger-agent=transport=dt_socket,embedding=1,server=y,suspend=n,address=127.0.0.1:56528
Begin MonoManager ReloadAssembly
Registering precompiled unity dll's ...
Register platform support module: C:/Program Files/Unity/Hub/Editor/2021.1.24f1/Editor/Data/PlaybackEngines/WindowsStandaloneSupport/UnityEditor.WindowsStandalone.Extensions.dll
Registered in 0.001613 seconds.
Native extension for WindowsStandalone target not found
Refreshing native plugins compatible for Editor in 68.88 ms, found 3 plugins.
Preloading 0 native plugins for Editor in 0.00 ms.
Mono: successfully reloaded assembly
- Completed reload, in  0.999 seconds
Domain Reload Profiling:
	ReloadAssembly (999ms)
		BeginReloadAssembly (58ms)
			ExecutionOrderSort (0ms)
			DisableScriptedObjects (0ms)
			BackupInstance (0ms)
			ReleaseScriptingObjects (0ms)
			CreateAndSetChildDomain (1ms)
		EndReloadAssembly (378ms)
			LoadAssemblies (56ms)
			RebuildTransferFunctionScriptingTraits (0ms)
			SetupTypeCache (134ms)
			ReleaseScriptCaches (0ms)
			RebuildScriptCaches (25ms)
			SetupLoadedEditorAssemblies (181ms)
				LogAssemblyErrors (0ms)
				InitializePlatformSupportModulesInManaged (5ms)
				SetLoadedEditorAssemblies (0ms)
				RefreshPlugins (69ms)
				BeforeProcessingInitializeOnLoad (1ms)
				ProcessInitializeOnLoadAttributes (81ms)
				ProcessInitializeOnLoadMethodAttributes (25ms)
				AfterProcessingInitializeOnLoad (0ms)
				EditorAssembliesLoaded (0ms)
			ExecutionOrderSort2 (0ms)
			AwakeInstancesAfterBackupRestoration (0ms)
Platform modules already initialized, skipping
Registering precompiled user dll's ...
Registered in 0.002649 seconds.
Begin MonoManager ReloadAssembly
Symbol file LoadedFromMemory doesn't match image D:\Unity\Apecatraz\Library\PackageCache\com.unity.visualscripting@1.6.1\Editor\VisualScripting.Core\Dependencies\YamlDotNet\Unity.VisualScripting.YamlDotNet.dll
Symbol file LoadedFromMemory doesn't match image D:\Unity\Apecatraz\Library\PackageCache\com.unity.visualscripting@1.6.1\Editor\VisualScripting.Core\Dependencies\DotNetZip\Unity.VisualScripting.IonicZip.dll
Native extension for WindowsStandalone target not found
Refreshing native plugins compatible for Editor in 0.47 ms, found 3 plugins.
Preloading 0 native plugins for Editor in 0.00 ms.
Mono: successfully reloaded assembly
- Completed reload, in  0.886 seconds
Domain Reload Profiling:
	ReloadAssembly (887ms)
		BeginReloadAssembly (134ms)
			ExecutionOrderSort (0ms)
			DisableScriptedObjects (4ms)
			BackupInstance (0ms)
			ReleaseScriptingObjects (0ms)
			CreateAndSetChildDomain (16ms)
		EndReloadAssembly (705ms)
			LoadAssemblies (82ms)
			RebuildTransferFunctionScriptingTraits (0ms)
			SetupTypeCache (275ms)
			ReleaseScriptCaches (0ms)
			RebuildScriptCaches (37ms)
			SetupLoadedEditorAssemblies (245ms)
				LogAssemblyErrors (0ms)
				InitializePlatformSupportModulesInManaged (4ms)
				SetLoadedEditorAssemblies (0ms)
				RefreshPlugins (1ms)
				BeforeProcessingInitializeOnLoad (54ms)
				ProcessInitializeOnLoadAttributes (177ms)
				ProcessInitializeOnLoadMethodAttributes (4ms)
				AfterProcessingInitializeOnLoad (6ms)
				EditorAssembliesLoaded (0ms)
			ExecutionOrderSort2 (0ms)
			AwakeInstancesAfterBackupRestoration (6ms)
Platform modules already initialized, skipping
========================================================================
Worker process is ready to serve import requests
Launched and connected shader compiler UnityShaderCompiler.exe after 0.05 seconds
Refreshing native plugins compatible for Editor in 0.47 ms, found 3 plugins.
Preloading 0 native plugins for Editor in 0.00 ms.
Unloading 2952 Unused Serialized files (Serialized files now loaded: 0)
System memory in use before: 105.8 MB.
System memory in use after: 106.0 MB.

Unloading 20 unused Assets to reduce memory usage. Loaded Objects now: 3398.
Total: 2.724700 ms (FindLiveObjects: 0.265900 ms CreateObjectMapping: 0.187800 ms MarkObjects: 2.215100 ms  DeleteObjects: 0.054900 ms)

AssetImportParameters requested are different than current active one (requested -> active):
  custom:framework-win-MediaFoundation: 216162199b28c13a410421893ffa2e32 -> 
  custom:video-decoder-ogg-theora: a1e56fd34408186e4bbccfd4996cb3dc -> 
  custom:container-muxer-webm: aa71ff27fc2769a1b78a27578f13a17b -> 
  custom:container-demuxer-webm: 4f35f7cbe854078d1ac9338744f61a02 -> 
  custom:container-demuxer-ogg: 62fdf1f143b41e24485cea50d1cbac27 -> 
  custom:video-encoder-webm-vp8: eb34c28f22e8b96e1ab97ce403110664 -> 
  custom:video-decoder-webm-vp8: 9c59270c3fd7afecdb556c50c9e8de78 -> 
  custom:audio-decoder-ogg-vorbis: bf7c407c2cedff20999df2af8eb42d56 -> 
  custom:audio-encoder-webm-vorbis: bf7c407c2cedff20999df2af8eb42d56 -> 
========================================================================
Received Import Request.
  path: Assets/Materials/TestPlayerColor.mat
  artifactKey: Guid(d0ad49d6456de3644a0ebee251469035) Importer(815301076,1909f56bfc062723c751e8b465ee728b)
Start importing Assets/Materials/TestPlayerColor.mat using Guid(d0ad49d6456de3644a0ebee251469035) Importer(815301076,1909f56bfc062723c751e8b465ee728b)  -> (artifact id: 'be94ccd8b14c1dfe5325cc33814063b9') in 0.300762 seconds 
========================================================================
Received Import Request.
  Time since last request: 0.000202 seconds.
  path: Assets/Materials/TestPlane.mat
  artifactKey: Guid(0da50b800d6cdee4f83e329da1e6b67c) Importer(815301076,1909f56bfc062723c751e8b465ee728b)
Start importing Assets/Materials/TestPlane.mat using Guid(0da50b800d6cdee4f83e329da1e6b67c) Importer(815301076,1909f56bfc062723c751e8b465ee728b)  -> (artifact id: '00a41635b871d462a1bebc97cfe34e13') in 0.009269 seconds 
========================================================================
Received Import Request.
  Time since last request: 4.140382 seconds.
  path: Assets
  artifactKey: Guid(00000000000000001000000000000000) Importer(815301076,1909f56bfc062723c751e8b465ee728b)
Start importing Assets using Guid(00000000000000001000000000000000) Importer(815301076,1909f56bfc062723c751e8b465ee728b)  -> (artifact id: '42d402b061de3733987d63b9cc3b64de') in 0.004150 seconds 
========================================================================
Received Import Request.
  Time since last request: 5.313157 seconds.
  path: Assets/Temp
  artifactKey: Guid(3cb77fc81d0abd342819e9f941b01811) Importer(815301076,1909f56bfc062723c751e8b465ee728b)
Start importing Assets/Temp using Guid(3cb77fc81d0abd342819e9f941b01811) Importer(815301076,1909f56bfc062723c751e8b465ee728b)  -> (artifact id: '343c6d4db9a049a2d44a907593855d5f') in 0.004549 seconds 
========================================================================
Received Import Request.
  Time since last request: 1.332466 seconds.
  path: Assets/Materials
  artifactKey: Guid(9c3fba97fb5802e4c884a4f10c2cd56c) Importer(815301076,1909f56bfc062723c751e8b465ee728b)
Start importing Assets/Materials using Guid(9c3fba97fb5802e4c884a4f10c2cd56c) Importer(815301076,1909f56bfc062723c751e8b465ee728b)  -> (artifact id: '83c571e8f40b396d6f4698371e9114e0') in 0.004376 seconds 
========================================================================
Received Prepare
Registering precompiled user dll's ...
Registered in 0.002636 seconds.
Begin MonoManager ReloadAssembly
Symbol file LoadedFromMemory doesn't match image D:\Unity\Apecatraz\Library\PackageCache\com.unity.visualscripting@1.6.1\Editor\VisualScripting.Core\Dependencies\YamlDotNet\Unity.VisualScripting.YamlDotNet.dll
Symbol file LoadedFromMemory doesn't match image D:\Unity\Apecatraz\Library\PackageCache\com.unity.visualscripting@1.6.1\Editor\VisualScripting.Core\Dependencies\DotNetZip\Unity.VisualScripting.IonicZip.dll
Native extension for WindowsStandalone target not found
Refreshing native plugins compatible for Editor in 0.55 ms, found 3 plugins.
Preloading 0 native plugins for Editor in 0.00 ms.
Mono: successfully reloaded assembly
- Completed reload, in  0.834 seconds
Domain Reload Profiling:
	ReloadAssembly (834ms)
		BeginReloadAssembly (116ms)
			ExecutionOrderSort (0ms)
			DisableScriptedObjects (3ms)
			BackupInstance (0ms)
			ReleaseScriptingObjects (0ms)
			CreateAndSetChildDomain (30ms)
		EndReloadAssembly (671ms)
			LoadAssemblies (81ms)
			RebuildTransferFunctionScriptingTraits (0ms)
			SetupTypeCache (271ms)
			ReleaseScriptCaches (1ms)
			RebuildScriptCaches (32ms)
			SetupLoadedEditorAssemblies (220ms)
				LogAssemblyErrors (0ms)
				InitializePlatformSupportModulesInManaged (4ms)
				SetLoadedEditorAssemblies (0ms)
				RefreshPlugins (1ms)
				BeforeProcessingInitializeOnLoad (40ms)
				ProcessInitializeOnLoadAttributes (166ms)
				ProcessInitializeOnLoadMethodAttributes (4ms)
				AfterProcessingInitializeOnLoad (5ms)
				EditorAssembliesLoaded (0ms)
			ExecutionOrderSort2 (0ms)
			AwakeInstancesAfterBackupRestoration (6ms)
Platform modules already initialized, skipping
Refreshing native plugins compatible for Editor in 0.48 ms, found 3 plugins.
Preloading 0 native plugins for Editor in 0.00 ms.
Unloading 2946 Unused Serialized files (Serialized files now loaded: 0)
System memory in use before: 109.6 MB.
System memory in use after: 109.8 MB.

Unloading 15 unused Assets to reduce memory usage. Loaded Objects now: 3440.
Total: 2.651900 ms (FindLiveObjects: 0.185500 ms CreateObjectMapping: 0.104500 ms MarkObjects: 2.345500 ms  DeleteObjects: 0.015500 ms)

AssetImportParameters requested are different than current active one (requested -> active):
  custom:framework-win-MediaFoundation: 216162199b28c13a410421893ffa2e32 -> 
  custom:video-decoder-ogg-theora: a1e56fd34408186e4bbccfd4996cb3dc -> 
  custom:container-muxer-webm: aa71ff27fc2769a1b78a27578f13a17b -> 
  custom:container-demuxer-webm: 4f35f7cbe854078d1ac9338744f61a02 -> 
  custom:container-demuxer-ogg: 62fdf1f143b41e24485cea50d1cbac27 -> 
  custom:video-encoder-webm-vp8: eb34c28f22e8b96e1ab97ce403110664 -> 
  custom:video-decoder-webm-vp8: 9c59270c3fd7afecdb556c50c9e8de78 -> 
  custom:audio-decoder-ogg-vorbis: bf7c407c2cedff20999df2af8eb42d56 -> 
  custom:audio-encoder-webm-vorbis: bf7c407c2cedff20999df2af8eb42d56 -> 
========================================================================
Received Import Request.
  Time since last request: 36.183058 seconds.
  path: Assets/3rdParty
  artifactKey: Guid(f242c7dcefff22a4c9dd6d7efc805030) Importer(815301076,1909f56bfc062723c751e8b465ee728b)
Start importing Assets/3rdParty using Guid(f242c7dcefff22a4c9dd6d7efc805030) Importer(815301076,1909f56bfc062723c751e8b465ee728b)  -> (artifact id: '4d61a69863a8e6bd81cf54c95299a1b3') in 0.008260 seconds 
========================================================================
Received Import Request.
  Time since last request: 16.917120 seconds.
  path: Assets/Art
  artifactKey: Guid(92c07c7a4a5b99c41a5214f1a2220fc2) Importer(815301076,1909f56bfc062723c751e8b465ee728b)
Start importing Assets/Art using Guid(92c07c7a4a5b99c41a5214f1a2220fc2) Importer(815301076,1909f56bfc062723c751e8b465ee728b)  -> (artifact id: 'c17081b1a49241382e978a17ba284ab3') in 0.004802 seconds 
========================================================================
Received Import Request.
  Time since last request: 1.694415 seconds.
  path: Assets/Art 1
  artifactKey: Guid(014a78f78f01d264d8c683611d54fb6e) Importer(815301076,1909f56bfc062723c751e8b465ee728b)
Start importing Assets/Art 1 using Guid(014a78f78f01d264d8c683611d54fb6e) Importer(815301076,1909f56bfc062723c751e8b465ee728b)  -> (artifact id: '5145272b48a4aaecfaa1a01772a2c363') in 0.004386 seconds 
========================================================================
Received Import Request.
  Time since last request: 9.618324 seconds.
  path: Assets/Audio
  artifactKey: Guid(014a78f78f01d264d8c683611d54fb6e) Importer(815301076,1909f56bfc062723c751e8b465ee728b)
Start importing Assets/Audio using Guid(014a78f78f01d264d8c683611d54fb6e) Importer(815301076,1909f56bfc062723c751e8b465ee728b)  -> (artifact id: '070ff14409f79e5a6c56c5d13fe09512') in 0.004378 seconds 
========================================================================
Received Import Request.
  Time since last request: 7.611829 seconds.
  path: Assets/Documentation
  artifactKey: Guid(123ddb1743d8b9a4ea693e94366d74f6) Importer(815301076,1909f56bfc062723c751e8b465ee728b)
Start importing Assets/Documentation using Guid(123ddb1743d8b9a4ea693e94366d74f6) Importer(815301076,1909f56bfc062723c751e8b465ee728b)  -> (artifact id: '95c09227f1c22680ec166c30003493a6') in 0.004486 seconds 
========================================================================
Received Import Request.
  Time since last request: 10.719105 seconds.
  path: Assets/PhysicMaterials
  artifactKey: Guid(f59a873aee55d984b9cc6e266e368324) Importer(815301076,1909f56bfc062723c751e8b465ee728b)
Start importing Assets/PhysicMaterials using Guid(f59a873aee55d984b9cc6e266e368324) Importer(815301076,1909f56bfc062723c751e8b465ee728b)  -> (artifact id: 'f835f6b613dc752b38beb36ddbf31a0b') in 0.004465 seconds 
========================================================================
Received Import Request.
  Time since last request: 9.070837 seconds.
  path: Assets/Prefabs
  artifactKey: Guid(2c211831184974348a359c90e9952081) Importer(815301076,1909f56bfc062723c751e8b465ee728b)
Start importing Assets/Prefabs using Guid(2c211831184974348a359c90e9952081) Importer(815301076,1909f56bfc062723c751e8b465ee728b)  -> (artifact id: 'c454bbcdd27662b351fa2caacde22a5a') in 0.006016 seconds 
========================================================================
Received Import Request.
  Time since last request: 11.443300 seconds.
  path: Assets/Art/Animators
  artifactKey: Guid(5726c8872474c5c4881854039672df8b) Importer(815301076,1909f56bfc062723c751e8b465ee728b)
Start importing Assets/Art/Animators using Guid(5726c8872474c5c4881854039672df8b) Importer(815301076,1909f56bfc062723c751e8b465ee728b)  -> (artifact id: '4f4b5ff7302cae573876854233f92fcf') in 0.004657 seconds 
========================================================================
Received Import Request.
  Time since last request: 7.898189 seconds.
  path: Assets/Art/Animators/Animation
  artifactKey: Guid(fffc972349218c64cb43120883eb7146) Importer(815301076,1909f56bfc062723c751e8b465ee728b)
Start importing Assets/Art/Animators/Animation using Guid(fffc972349218c64cb43120883eb7146) Importer(815301076,1909f56bfc062723c751e8b465ee728b)  -> (artifact id: 'f847f71f8741a0f4d1e68626c1a8183b') in 0.004433 seconds 
========================================================================
Received Import Request.
  Time since last request: 12.897253 seconds.
  path: Assets/Art/AnimationClips
  artifactKey: Guid(01f399a76d42d12429a0b685aa15d7ae) Importer(815301076,1909f56bfc062723c751e8b465ee728b)
Start importing Assets/Art/AnimationClips using Guid(01f399a76d42d12429a0b685aa15d7ae) Importer(815301076,1909f56bfc062723c751e8b465ee728b)  -> (artifact id: '1b2f553ba20fd160c724acf30bc8eac7') in 0.005266 seconds 
========================================================================
Received Import Request.
  Time since last request: 8.246098 seconds.
  path: Assets/Art/Fonts
  artifactKey: Guid(6dee10ed3bead7c4983bc4e8f706bf59) Importer(815301076,1909f56bfc062723c751e8b465ee728b)
Start importing Assets/Art/Fonts using Guid(6dee10ed3bead7c4983bc4e8f706bf59) Importer(815301076,1909f56bfc062723c751e8b465ee728b)  -> (artifact id: 'ebaaeea49adb64d7e75daf6af63369b7') in 0.004473 seconds 
========================================================================
Received Import Request.
  Time since last request: 8.403935 seconds.
  path: Assets/Art/Materials
  artifactKey: Guid(59f1dc86a6e29424f93b64540cac1a8d) Importer(815301076,1909f56bfc062723c751e8b465ee728b)
Start importing Assets/Art/Materials using Guid(59f1dc86a6e29424f93b64540cac1a8d) Importer(815301076,1909f56bfc062723c751e8b465ee728b)  -> (artifact id: '6cecb1d1c34a2b336ac9f13d62c5dfbf') in 0.001434 seconds 
========================================================================
Received Import Request.
  Time since last request: 7.118480 seconds.
  path: Assets/Art/Models
  artifactKey: Guid(3f0f305115afa974383f7080b8cc130b) Importer(815301076,1909f56bfc062723c751e8b465ee728b)
Start importing Assets/Art/Models using Guid(3f0f305115afa974383f7080b8cc130b) Importer(815301076,1909f56bfc062723c751e8b465ee728b)  -> (artifact id: '7999d65bc07188dcf381478872f07b99') in 0.004600 seconds 
========================================================================
Received Import Request.
  Time since last request: 7.247850 seconds.
  path: Assets/Art/Shaders
  artifactKey: Guid(147b96ca7abe2e94888bc5767e31c83f) Importer(815301076,1909f56bfc062723c751e8b465ee728b)
Start importing Assets/Art/Shaders using Guid(147b96ca7abe2e94888bc5767e31c83f) Importer(815301076,1909f56bfc062723c751e8b465ee728b)  -> (artifact id: '4f8af7e069b6662f7a6fa93d41774f7e') in 0.004621 seconds 
========================================================================
Received Import Request.
  Time since last request: 6.909894 seconds.
  path: Assets/Art/Sprites
  artifactKey: Guid(71b7b02f428fb614fadb91ebd7f84094) Importer(815301076,1909f56bfc062723c751e8b465ee728b)
Start importing Assets/Art/Sprites using Guid(71b7b02f428fb614fadb91ebd7f84094) Importer(815301076,1909f56bfc062723c751e8b465ee728b)  -> (artifact id: 'e7b76f66d8ad40fcd3a48513c6869519') in 0.005136 seconds 
========================================================================
Received Import Request.
  Time since last request: 6.126841 seconds.
  path: Assets/Art/Textures
  artifactKey: Guid(0445f9a9a6e6b3b42b802c773e07717e) Importer(815301076,1909f56bfc062723c751e8b465ee728b)
Start importing Assets/Art/Textures using Guid(0445f9a9a6e6b3b42b802c773e07717e) Importer(815301076,1909f56bfc062723c751e8b465ee728b)  -> (artifact id: '37a1d061a67244e39c23abf0bb39f1f3') in 0.004512 seconds 
========================================================================
Received Import Request.
  Time since last request: 10.149622 seconds.
  path: Assets/Audio/AudioClips
  artifactKey: Guid(6af69b5f85356fa469e3e31f35305d65) Importer(815301076,1909f56bfc062723c751e8b465ee728b)
Start importing Assets/Audio/AudioClips using Guid(6af69b5f85356fa469e3e31f35305d65) Importer(815301076,1909f56bfc062723c751e8b465ee728b)  -> (artifact id: '077a6cc65622e22760203d09ee4bfd1d') in 0.011181 seconds 
========================================================================
Received Import Request.
  Time since last request: 8.857896 seconds.
  path: Assets/Audio/AudioMixers
  artifactKey: Guid(dab85d2efd2a5ad4494bbdad47c8eef2) Importer(815301076,1909f56bfc062723c751e8b465ee728b)
Start importing Assets/Audio/AudioMixers using Guid(dab85d2efd2a5ad4494bbdad47c8eef2) Importer(815301076,1909f56bfc062723c751e8b465ee728b)  -> (artifact id: 'd0ade4e3f26459c241acc03e75718452') in 0.004445 seconds 
========================================================================
Received Import Request.
  Time since last request: 25.303376 seconds.
  path: Assets/Presets
  artifactKey: Guid(1d199229a6ecdd842b8a1bc3de4e20a2) Importer(815301076,1909f56bfc062723c751e8b465ee728b)
Start importing Assets/Presets using Guid(1d199229a6ecdd842b8a1bc3de4e20a2) Importer(815301076,1909f56bfc062723c751e8b465ee728b)  -> (artifact id: '0311b231f7e10fd20bea6c2accb0b08b') in 0.005261 seconds 
========================================================================
Received Import Request.
  Time since last request: 11.145433 seconds.
  path: Assets/Resources
  artifactKey: Guid(db1b51de9537cac44b667c46ebc07479) Importer(815301076,1909f56bfc062723c751e8b465ee728b)
Start importing Assets/Resources using Guid(db1b51de9537cac44b667c46ebc07479) Importer(815301076,1909f56bfc062723c751e8b465ee728b)  -> (artifact id: '0cd7881e85106c321b1fd71f36f0606e') in 0.004563 seconds 
========================================================================
Received Import Request.
  Time since last request: 6.954017 seconds.
  path: Assets/Scenes
  artifactKey: Guid(8b7d36f8e9e562c43bf7085d8565d696) Importer(815301076,1909f56bfc062723c751e8b465ee728b)
Start importing Assets/Scenes using Guid(8b7d36f8e9e562c43bf7085d8565d696) Importer(815301076,1909f56bfc062723c751e8b465ee728b)  -> (artifact id: '000f6080e4b30cd8337757ae93fcac15') in 0.004277 seconds 
========================================================================
Received Import Request.
  Time since last request: 29.923204 seconds.
  path: Assets/ScriptableObjects
  artifactKey: Guid(2117997372d467f4992517e7c864216a) Importer(815301076,1909f56bfc062723c751e8b465ee728b)
Start importing Assets/ScriptableObjects using Guid(2117997372d467f4992517e7c864216a) Importer(815301076,1909f56bfc062723c751e8b465ee728b)  -> (artifact id: '41cbaa662ba64e912bfae6808ad41b02') in 0.004865 seconds 
========================================================================
Received Import Request.
  Time since last request: 13.806064 seconds.
  path: Assets/Scripts
  artifactKey: Guid(c002217ab2a36544a89724facd97970a) Importer(815301076,1909f56bfc062723c751e8b465ee728b)
Start importing Assets/Scripts using Guid(c002217ab2a36544a89724facd97970a) Importer(815301076,1909f56bfc062723c751e8b465ee728b)  -> (artifact id: '2278c3c145df400bb62c8a8807f08b8d') in 0.004550 seconds 
========================================================================
Received Import Request.
  Time since last request: 10.553335 seconds.
  path: Assets/Scripts/Editor
  artifactKey: Guid(2060e20f8081aae44aaa290ee0dfa971) Importer(815301076,1909f56bfc062723c751e8b465ee728b)
Start importing Assets/Scripts/Editor using Guid(2060e20f8081aae44aaa290ee0dfa971) Importer(815301076,1909f56bfc062723c751e8b465ee728b)  -> (artifact id: 'ad05bccebea579d8fb72585d8b3ff174') in 0.004516 seconds 
========================================================================
Received Import Request.
  Time since last request: 7.011212 seconds.
  path: Assets/Scripts/Runtime
  artifactKey: Guid(77d6c14c91ce8bf46a9c10f4a88d5805) Importer(815301076,1909f56bfc062723c751e8b465ee728b)
Start importing Assets/Scripts/Runtime using Guid(77d6c14c91ce8bf46a9c10f4a88d5805) Importer(815301076,1909f56bfc062723c751e8b465ee728b)  -> (artifact id: '21f24eccd531486abbdeb837368439e9') in 0.004658 seconds 
========================================================================
Received Import Request.
  Time since last request: 4.567212 seconds.
  path: Assets/Scripts/Tests
  artifactKey: Guid(0a34f6a98082ca740903c25b482ed881) Importer(815301076,1909f56bfc062723c751e8b465ee728b)
Start importing Assets/Scripts/Tests using Guid(0a34f6a98082ca740903c25b482ed881) Importer(815301076,1909f56bfc062723c751e8b465ee728b)  -> (artifact id: 'fe58ead7994b468f2cf5e09974b4242b') in 0.004467 seconds 
========================================================================
Received Import Request.
  Time since last request: 102.507025 seconds.
  path: Assets/Prefabs/New Folder
  artifactKey: Guid(351079310edd1d74cb0108bc881ea157) Importer(815301076,1909f56bfc062723c751e8b465ee728b)
Start importing Assets/Prefabs/New Folder using Guid(351079310edd1d74cb0108bc881ea157) Importer(815301076,1909f56bfc062723c751e8b465ee728b)  -> (artifact id: 'b7d77d79570e55908b050470254a36a7') in 0.004741 seconds 
========================================================================
Received Import Request.
  Time since last request: 9.723944 seconds.
  path: Assets/Prefabs/insert company name
  artifactKey: Guid(351079310edd1d74cb0108bc881ea157) Importer(815301076,1909f56bfc062723c751e8b465ee728b)
Start importing Assets/Prefabs/insert company name using Guid(351079310edd1d74cb0108bc881ea157) Importer(815301076,1909f56bfc062723c751e8b465ee728b)  -> (artifact id: '20221541ec5a27229402c2963a382d9e') in 0.004476 seconds 
========================================================================
Received Import Request.
  Time since last request: 8.593320 seconds.
  path: Assets/Prefabs/companyname
  artifactKey: Guid(351079310edd1d74cb0108bc881ea157) Importer(815301076,1909f56bfc062723c751e8b465ee728b)
Start importing Assets/Prefabs/companyname using Guid(351079310edd1d74cb0108bc881ea157) Importer(815301076,1909f56bfc062723c751e8b465ee728b)  -> (artifact id: '5a677e4f51903fd3b39690ebae4ada10') in 0.004736 seconds 
========================================================================
Received Import Request.
  Time since last request: 70.677423 seconds.
  path: Assets/Prefabs/DSV
  artifactKey: Guid(351079310edd1d74cb0108bc881ea157) Importer(815301076,1909f56bfc062723c751e8b465ee728b)
Start importing Assets/Prefabs/DSV using Guid(351079310edd1d74cb0108bc881ea157) Importer(815301076,1909f56bfc062723c751e8b465ee728b)  -> (artifact id: '318509ae8c7b4585a76c624613dcd8b0') in 0.004427 seconds 
========================================================================
Received Import Request.
  Time since last request: 531.996455 seconds.
  path: Assets/Scripts/Tests/Editor
  artifactKey: Guid(e456015b0b09599428b8816e387aea59) Importer(815301076,1909f56bfc062723c751e8b465ee728b)
Start importing Assets/Scripts/Tests/Editor using Guid(e456015b0b09599428b8816e387aea59) Importer(815301076,1909f56bfc062723c751e8b465ee728b)  -> (artifact id: '94ea10f18aadf4450cc794efbc311105') in 0.001653 seconds 
========================================================================
Received Import Request.
  Time since last request: 73.657085 seconds.
  path: Assets/Temp/Scenes
  artifactKey: Guid(fb48642adb409ff49899b3b2ceadf7f5) Importer(815301076,1909f56bfc062723c751e8b465ee728b)
Start importing Assets/Temp/Scenes using Guid(fb48642adb409ff49899b3b2ceadf7f5) Importer(815301076,1909f56bfc062723c751e8b465ee728b)  -> (artifact id: '64725f9c08c45b2a2cdf3f78a09f8789') in 0.001283 seconds 
========================================================================
Received Prepare
Registering precompiled user dll's ...
Registered in 0.002619 seconds.
Begin MonoManager ReloadAssembly
Symbol file LoadedFromMemory doesn't match image D:\Unity\Apecatraz\Library\PackageCache\com.unity.visualscripting@1.6.1\Editor\VisualScripting.Core\Dependencies\YamlDotNet\Unity.VisualScripting.YamlDotNet.dll
Symbol file LoadedFromMemory doesn't match image D:\Unity\Apecatraz\Library\PackageCache\com.unity.visualscripting@1.6.1\Editor\VisualScripting.Core\Dependencies\DotNetZip\Unity.VisualScripting.IonicZip.dll
Native extension for WindowsStandalone target not found
Refreshing native plugins compatible for Editor in 0.49 ms, found 3 plugins.
Preloading 0 native plugins for Editor in 0.00 ms.
Mono: successfully reloaded assembly
- Completed reload, in  0.829 seconds
Domain Reload Profiling:
	ReloadAssembly (830ms)
		BeginReloadAssembly (114ms)
			ExecutionOrderSort (0ms)
			DisableScriptedObjects (4ms)
			BackupInstance (0ms)
			ReleaseScriptingObjects (0ms)
			CreateAndSetChildDomain (31ms)
		EndReloadAssembly (668ms)
			LoadAssemblies (80ms)
			RebuildTransferFunctionScriptingTraits (0ms)
			SetupTypeCache (270ms)
			ReleaseScriptCaches (1ms)
			RebuildScriptCaches (32ms)
			SetupLoadedEditorAssemblies (219ms)
				LogAssemblyErrors (0ms)
				InitializePlatformSupportModulesInManaged (4ms)
				SetLoadedEditorAssemblies (0ms)
				RefreshPlugins (1ms)
				BeforeProcessingInitializeOnLoad (41ms)
				ProcessInitializeOnLoadAttributes (164ms)
				ProcessInitializeOnLoadMethodAttributes (4ms)
				AfterProcessingInitializeOnLoad (5ms)
				EditorAssembliesLoaded (0ms)
			ExecutionOrderSort2 (0ms)
			AwakeInstancesAfterBackupRestoration (6ms)
Platform modules already initialized, skipping
Refreshing native plugins compatible for Editor in 0.50 ms, found 3 plugins.
Preloading 0 native plugins for Editor in 0.00 ms.
Unloading 2946 Unused Serialized files (Serialized files now loaded: 0)
System memory in use before: 109.6 MB.
System memory in use after: 109.9 MB.

Unloading 15 unused Assets to reduce memory usage. Loaded Objects now: 3442.
Total: 2.816600 ms (FindLiveObjects: 0.231800 ms CreateObjectMapping: 0.141900 ms MarkObjects: 2.426000 ms  DeleteObjects: 0.016000 ms)

AssetImportParameters requested are different than current active one (requested -> active):
  custom:framework-win-MediaFoundation: 216162199b28c13a410421893ffa2e32 -> 
  custom:video-decoder-ogg-theora: a1e56fd34408186e4bbccfd4996cb3dc -> 
  custom:container-muxer-webm: aa71ff27fc2769a1b78a27578f13a17b -> 
  custom:container-demuxer-webm: 4f35f7cbe854078d1ac9338744f61a02 -> 
  custom:container-demuxer-ogg: 62fdf1f143b41e24485cea50d1cbac27 -> 
  custom:video-encoder-webm-vp8: eb34c28f22e8b96e1ab97ce403110664 -> 
  custom:video-decoder-webm-vp8: 9c59270c3fd7afecdb556c50c9e8de78 -> 
  custom:audio-decoder-ogg-vorbis: bf7c407c2cedff20999df2af8eb42d56 -> 
  custom:audio-encoder-webm-vorbis: bf7c407c2cedff20999df2af8eb42d56 -> 
